# JRE version: OpenJDK Runtime Environment (11.0.6+10) (build 11.0.6+10)
# Java VM: OpenJDK 64-Bit Server VM (11.0.6+10, mixed mode, tiered, compressed oops, g1 gc, windows-amd64)
Heap:
 garbage-first heap   total 20480K, used 11911K [0x0000000700800000, 0x0000000800000000)
  region size 1024K, 5 young (5120K), 1 survivors (1024K)
 Metaspace       used 23592K, capacity 24148K, committed 24576K, reserved 1071104K
  class space    used 2484K, capacity 2711K, committed 2816K, reserved 1048576K
GC Heap History (8 events):
Event: 0.892 GC heap before
{Heap before GC invocations=0 (full 0):
 garbage-first heap   total 262144K, used 16384K [0x0000000700800000, 0x0000000800000000)
  region size 1024K, 14 young (14336K), 0 survivors (0K)
 Metaspace       used 17159K, capacity 17623K, committed 17920K, reserved 1064960K
  class space    used 1946K, capacity 2191K, committed 2304K, reserved 1048576K
}
Event: 0.897 GC heap after
{Heap after GC invocations=1 (full 0):
 garbage-first heap   total 262144K, used 4919K [0x0000000700800000, 0x0000000800000000)
  region size 1024K, 2 young (2048K), 2 survivors (2048K)
 Metaspace       used 17159K, capacity 17623K, committed 17920K, reserved 1064960K
  class space    used 1946K, capacity 2191K, committed 2304K, reserved 1048576K
}
Event: 2.593 GC heap before
{Heap before GC invocations=1 (full 0):
 garbage-first heap   total 262144K, used 9015K [0x0000000700800000, 0x0000000800000000)
  region size 1024K, 7 young (7168K), 2 survivors (2048K)
 Metaspace       used 19371K, capacity 19840K, committed 20096K, reserved 1067008K
  class space    used 2160K, capacity 2395K, committed 2432K, reserved 1048576K
}
Event: 2.606 GC heap after
{Heap after GC invocations=2 (full 1):
 garbage-first heap   total 20480K, used 5449K [0x0000000700800000, 0x0000000800000000)
  region size 1024K, 0 young (0K), 0 survivors (0K)
 Metaspace       used 19371K, capacity 19840K, committed 20096K, reserved 1067008K
  class space    used 2160K, capacity 2395K, committed 2432K, reserved 1048576K
}
Event: 2.606 GC heap before
{Heap before GC invocations=2 (full 1):
 garbage-first heap   total 20480K, used 5449K [0x0000000700800000, 0x0000000800000000)
  region size 1024K, 0 young (0K), 0 survivors (0K)
 Metaspace       used 19371K, capacity 19840K, committed 20096K, reserved 1067008K
  class space    used 2160K, capacity 2395K, committed 2432K, reserved 1048576K
}
Event: 2.615 GC heap after
{Heap after GC invocations=3 (full 2):
 garbage-first heap   total 20480K, used 5449K [0x0000000700800000, 0x0000000800000000)
  region size 1024K, 0 young (0K), 0 survivors (0K)
 Metaspace       used 19371K, capacity 19840K, committed 20096K, reserved 1067008K
  class space    used 2160K, capacity 2395K, committed 2432K, reserved 1048576K
}
Event: 3.789 GC heap before
{Heap before GC invocations=3 (full 2):
 garbage-first heap   total 20480K, used 12617K [0x0000000700800000, 0x0000000800000000)
  region size 1024K, 6 young (6144K), 0 survivors (0K)
 Metaspace       used 22183K, capacity 22721K, committed 23168K, reserved 1069056K
  class space    used 2353K, capacity 2576K, committed 2688K, reserved 1048576K
}
Event: 3.790 GC heap after
{Heap after GC invocations=4 (full 2):
 garbage-first heap   total 20480K, used 8839K [0x0000000700800000, 0x0000000800000000)
  region size 1024K, 1 young (1024K), 1 survivors (1024K)
 Metaspace       used 22183K, capacity 22721K, committed 23168K, reserved 1069056K
  class space    used 2353K, capacity 2576K, committed 2688K, reserved 1048576K
}

